SF:/Users/antonio/xs/from_json_to_json/lib/src/bool.dart
DA:20,1
DA:22,1
DA:23,1
DA:24,1
DA:25,1
DA:26,1
DA:29,1
DA:30,2
DA:31,2
DA:38,1
LF:10
LH:10
end_of_record
SF:/Users/antonio/xs/from_json_to_json/lib/src/date_time.dart
DA:10,1
DA:12,1
DA:24,1
DA:27,1
DA:36,1
DA:38,1
DA:47,1
DA:48,1
LF:8
LH:8
end_of_record
SF:/Users/antonio/xs/from_json_to_json/lib/src/duration.dart
DA:12,1
DA:14,1
DA:15,2
DA:16,1
DA:18,3
DA:23,2
DA:24,2
DA:25,2
DA:26,1
DA:27,1
DA:29,1
DA:30,0
DA:33,1
DA:47,1
DA:49,1
DA:50,1
DA:51,1
DA:55,1
DA:56,2
DA:57,2
DA:58,1
DA:59,1
DA:61,1
DA:63,0
DA:66,1
DA:81,1
DA:83,1
DA:84,1
DA:85,3
DA:86,1
DA:90,2
DA:91,2
DA:92,2
DA:93,1
DA:94,1
DA:96,1
DA:97,0
DA:100,1
DA:106,2
DA:109,1
DA:110,1
DA:113,2
LF:42
LH:39
end_of_record
SF:/Users/antonio/xs/from_json_to_json/lib/src/list.dart
DA:16,1
DA:17,2
DA:18,1
DA:19,1
DA:20,1
DA:32,1
DA:33,1
DA:34,2
LF:8
LH:8
end_of_record
SF:/Users/antonio/xs/from_json_to_json/lib/src/map.dart
DA:17,1
DA:18,1
DA:19,1
DA:20,2
DA:39,1
DA:40,2
DA:41,1
DA:42,1
DA:43,1
DA:61,1
DA:62,1
DA:72,1
DA:73,1
DA:74,2
LF:14
LH:14
end_of_record
SF:/Users/antonio/xs/from_json_to_json/lib/src/num.dart
DA:10,1
DA:11,1
DA:22,1
DA:25,1
DA:26,2
DA:27,2
DA:39,0
DA:50,4
DA:61,2
DA:62,2
DA:63,3
DA:64,4
DA:65,2
DA:66,2
DA:68,2
DA:72,2
DA:84,0
DA:96,1
DA:97,4
LF:19
LH:17
end_of_record
SF:/Users/antonio/xs/from_json_to_json/lib/src/string.dart
DA:4,1
DA:5,1
DA:8,1
LF:3
LH:3
end_of_record
